#
# An unexpected error has been detected by Java Runtime Environment:
#
#  Internal Error (0xc0020001), pid=5832, tid=3352
#
# Java VM: Java HotSpot(TM) Client VM (10.0-b23 mixed mode, sharing windows-x86)
# Problematic frame:
# C  [KERNEL32.dll+0x12fd3]
#
# If you would like to submit a bug report, please visit:
#   http://java.sun.com/webapps/bugreport/crash.jsp
# The crash happened outside the Java Virtual Machine in native code.
# See problematic frame for where to report the bug.
#

---------------  T H R E A D  ---------------

Current thread (0x16cf9000):  JavaThread "Thread-1" daemon [_thread_in_native, id=3352, stack(0x0f460000,0x0f560000)]

siginfo: ExceptionCode=0xc0020001, ExceptionInformation=0x8007042b 

Registers:
EAX=0x0f55eb7c, EBX=0x26ad3f20, ECX=0x00000000, EDX=0x26ad41d0
ESP=0x0f55eb78, EBP=0x0f55ebcc, ESI=0x0f55ebe8, EDI=0x16cf9000
EIP=0x7c812fd3, EFLAGS=0x00000202

Top of Stack: (sp=0x0f55eb78)
0x0f55eb78:   0532d828 c0020001 00000001 00000000
0x0f55eb88:   7c812fd3 00000001 8007042b 0f55ebc0
0x0f55eb98:   2ac00030 6d8e6391 6d8e63a0 0f55ebc0
0x0f55eba8:   6d8c5c8f 6d8c5ca7 16cf9000 2b62d218
0x0f55ebb8:   16cf9000 16cf9470 00000068 16cf9484
0x0f55ebc8:   149a2508 0f55ebe8 7a0bc561 c0020001
0x0f55ebd8:   00000001 00000001 0f55ebe4 8007042b
0x0f55ebe8:   0f55ebf8 7a04b5f3 8007042b 26ad3f20 

Instructions: (pc=0x7c812fd3)
0x7c812fc3:   8d 7d c4 f3 a5 5f 8d 45 b0 50 ff 15 10 15 80 7c
0x7c812fd3:   5e c9 c2 10 00 85 ff 0f 8e 5e 8e ff ff 8b 55 fc 


Stack: [0x0f460000,0x0f560000],  sp=0x0f55eb78,  free space=1018k
Native frames: (J=compiled Java code, j=interpreted, Vv=VM code, C=native code)
